Log file open, 10/23/19 19:10:26
LogWindows: Failed to load 'aqProf.dll' (GetLastError=126)
LogWindows: File 'aqProf.dll' does not exist
LogWindows: Failed to load 'VtuneApi.dll' (GetLastError=126)
LogWindows: File 'VtuneApi.dll' does not exist
LogWindows: Failed to load 'VtuneApi32e.dll' (GetLastError=126)
LogWindows: File 'VtuneApi32e.dll' does not exist
LogInit: Display: Running engine for game: TacaLePau
LogPlatformFile: Not using cached read wrapper
LogInit: Display: RandInit(1932987584) SRandInit(1932987585).
LogInit: Read version file with build ID '3944462'
LogInit: Overriding engine version to CL 4033788, compatible CL 3944462
LogInit: Registered custom module enumerator with build ID '3944462'
LogTaskGraph: Started task graph with 5 named threads and 23 total threads with 3 sets of task threads.
LogStats: Stats thread started at 0.303275
LogD3D11RHI: Aftermath initialized
LogICUInternationalization: Display: ICU TimeZone Detection - Raw Offset: -3:00, Platform Override: ''
LogModuleManager: Display: Found up-to-date module file ../../../Engine/Plugins/Runtime/PhysXVehicles/Binaries/Win64/UE4Editor-PhysXVehicles.dll (API version 3944462).
LogModuleManager: Display: Found up-to-date module file ../../../Engine/Plugins/Runtime/PhysXVehicles/Binaries/Win64/UE4Editor-PhysXVehiclesEditor.dll (API version 3944462).
LogModuleManager: Display: Found up-to-date module file ../../../Engine/Plugins/Experimental/RawInput/Binaries/Win64/UE4Editor-RawInput.dll (API version 3944462).
LogModuleManager: Display: Found up-to-date module file ../../../Engine/Plugins/2D/Paper2D/Binaries/Win64/UE4Editor-Paper2D.dll (API version 3944462).
LogModuleManager: Display: Found up-to-date module file ../../../Engine/Plugins/2D/Paper2D/Binaries/Win64/UE4Editor-Paper2DEditor.dll (API version 3944462).
LogModuleManager: Display: Found up-to-date module file ../../../Engine/Plugins/2D/Paper2D/Binaries/Win64/UE4Editor-PaperSpriteSheetImporter.dll (API version 3944462).
LogModuleManager: Display: Found up-to-date module file ../../../Engine/Plugins/2D/Paper2D/Binaries/Win64/UE4Editor-PaperTiledImporter.dll (API version 3944462).
LogModuleManager: Display: Found up-to-date module file ../../../Engine/Plugins/2D/Paper2D/Binaries/Win64/UE4Editor-SmartSnapping.dll (API version 3944462).
LogModuleManager: Display: Found up-to-date module file ../../../Engine/Plugins/Blendables/LightPropagationVolume/Binaries/Win64/UE4Editor-LightPropagationVolumeRuntime.dll (API version 3944462).
LogModuleManager: Display: Found up-to-date module file ../../../Engine/Plugins/Blendables/LightPropagationVolume/Binaries/Win64/UE4Editor-LightPropagationVolumeEditor.dll (API version 3944462).
LogModuleManager: Display: Found up-to-date module file ../../../Engine/Plugins/Developer/CLionSourceCodeAccess/Binaries/Win64/UE4Editor-CLionSourceCodeAccess.dll (API version 3944462).
LogModuleManager: Display: Found up-to-date module file ../../../Engine/Plugins/Developer/GitSourceControl/Binaries/Win64/UE4Editor-GitSourceControl.dll (API version 3944462).
LogModuleManager: Display: Found up-to-date module file ../../../Engine/Plugins/Developer/PerforceSourceControl/Binaries/Win64/UE4Editor-PerforceSourceControl.dll (API version 3944462).
LogModuleManager: Display: Found up-to-date module file ../../../Engine/Plugins/Developer/SubversionSourceControl/Binaries/Win64/UE4Editor-SubversionSourceControl.dll (API version 3944462).
LogModuleManager: Display: Found up-to-date module file ../../../Engine/Plugins/Developer/UObjectPlugin/Binaries/Win64/UE4Editor-UObjectPlugin.dll (API version 3944462).
LogModuleManager: Display: Found up-to-date module file ../../../Engine/Plugins/Developer/VisualStudioCodeSourceCodeAccess/Binaries/Win64/UE4Editor-VisualStudioCodeSourceCodeAccess.dll (API version 3944462).
LogModuleManager: Display: Found up-to-date module file ../../../Engine/Plugins/Developer/VisualStudioSourceCodeAccess/Binaries/Win64/UE4Editor-VisualStudioSourceCodeAccess.dll (API version 3944462).
LogModuleManager: Display: Found up-to-date module file ../../../Engine/Plugins/Editor/AssetManagerEditor/Binaries/Win64/UE4Editor-AssetManagerEditor.dll (API version 3944462).
LogModuleManager: Display: Found up-to-date module file ../../../Engine/Plugins/Editor/CryptoKeys/Binaries/Win64/UE4Editor-CryptoKeys.dll (API version 3944462).
LogModuleManager: Display: Found up-to-date module file ../../../Engine/Plugins/Editor/CryptoKeys/Binaries/Win64/UE4Editor-CryptoKeysOpenSSL.dll (API version 3944462).
LogModuleManager: Display: Found up-to-date module file ../../../Engine/Plugins/Editor/DataValidation/Binaries/Win64/UE4Editor-DataValidation.dll (API version 3944462).
LogModuleManager: Display: Found up-to-date module file ../../../Engine/Plugins/Editor/FacialAnimation/Binaries/Win64/UE4Editor-FacialAnimation.dll (API version 3944462).
LogModuleManager: Display: Found up-to-date module file ../../../Engine/Plugins/Editor/FacialAnimation/Binaries/Win64/UE4Editor-FacialAnimationEditor.dll (API version 3944462).
LogModuleManager: Display: Found up-to-date module file ../../../Engine/Plugins/Editor/GameplayTagsEditor/Binaries/Win64/UE4Editor-GameplayTagsEditor.dll (API version 3944462).
LogModuleManager: Display: Found up-to-date module file ../../../Engine/Plugins/Editor/MobileLauncherProfileWizard/Binaries/Win64/UE4Editor-MobileLauncherProfileWizard.dll (API version 3944462).
LogModuleManager: Display: Found up-to-date module file ../../../Engine/Plugins/Editor/PluginBrowser/Binaries/Win64/UE4Editor-PluginBrowser.dll (API version 3944462).
LogModuleManager: Display: Found up-to-date module file ../../../Engine/Plugins/Editor/SpeedTreeImporter/Binaries/Win64/UE4Editor-SpeedTreeImporter.dll (API version 3944462).
LogModuleManager: Display: Found up-to-date module file ../../../Engine/Plugins/Enterprise/DatasmithContent/Binaries/Win64/UE4Editor-DatasmithContent.dll (API version 3944462).
LogModuleManager: Display: Found up-to-date module file ../../../Engine/Plugins/Experimental/AlembicImporter/Binaries/Win64/UE4Editor-AlembicImporter.dll (API version 3944462).
LogModuleManager: Display: Found up-to-date module file ../../../Engine/Plugins/Experimental/AlembicImporter/Binaries/Win64/UE4Editor-AlembicLibrary.dll (API version 3944462).
LogModuleManager: Display: Found up-to-date module file ../../../Engine/Plugins/Experimental/CharacterAI/Binaries/Win64/UE4Editor-CharacterAI.dll (API version 3944462).
LogModuleManager: Display: Found up-to-date module file ../../../Engine/Plugins/Experimental/HTML5Networking/Binaries/Win64/UE4Editor-HTML5Networking.dll (API version 3944462).
LogModuleManager: Display: Found up-to-date module file ../../../Engine/Plugins/Media/AndroidMedia/Binaries/Win64/UE4Editor-AndroidMediaEditor.dll (API version 3944462).
LogModuleManager: Display: Found up-to-date module file ../../../Engine/Plugins/Media/AndroidMedia/Binaries/Win64/UE4Editor-AndroidMediaFactory.dll (API version 3944462).
LogModuleManager: Display: Found up-to-date module file ../../../Engine/Plugins/Media/AvfMedia/Binaries/Win64/UE4Editor-AvfMediaEditor.dll (API version 3944462).
LogModuleManager: Display: Found up-to-date module file ../../../Engine/Plugins/Media/AvfMedia/Binaries/Win64/UE4Editor-AvfMediaFactory.dll (API version 3944462).
LogModuleManager: Display: Found up-to-date module file ../../../Engine/Plugins/Media/AvfMedia/Binaries/Win64/UE4Editor-AvfMediaFactory.dll (API version 3944462).
LogModuleManager: Display: Found up-to-date module file ../../../Engine/Plugins/Media/ImgMedia/Binaries/Win64/UE4Editor-ImgMedia.dll (API version 3944462).
LogModuleManager: Display: Found up-to-date module file ../../../Engine/Plugins/Media/ImgMedia/Binaries/Win64/UE4Editor-ImgMediaEditor.dll (API version 3944462).
LogModuleManager: Display: Found up-to-date module file ../../../Engine/Plugins/Media/ImgMedia/Binaries/Win64/UE4Editor-ImgMediaFactory.dll (API version 3944462).
LogModuleManager: Display: Found up-to-date module file ../../../Engine/Plugins/Media/ImgMedia/Binaries/Win64/UE4Editor-ImgMediaFactory.dll (API version 3944462).
LogModuleManager: Display: Found up-to-date module file ../../../Engine/Plugins/Media/ImgMedia/Binaries/Win64/UE4Editor-OpenExrWrapper.dll (API version 3944462).
LogModuleManager: Display: Found up-to-date module file ../../../Engine/Plugins/Media/LinearTimecode/Binaries/Win64/UE4Editor-LinearTimecode.dll (API version 3944462).
LogModuleManager: Display: Found up-to-date module file ../../../Engine/Plugins/Media/MediaCompositing/Binaries/Win64/UE4Editor-MediaCompositing.dll (API version 3944462).
LogModuleManager: Display: Found up-to-date module file ../../../Engine/Plugins/Media/MediaCompositing/Binaries/Win64/UE4Editor-MediaCompositingEditor.dll (API version 3944462).
LogModuleManager: Display: Found up-to-date module file ../../../Engine/Plugins/Media/MediaPlayerEditor/Binaries/Win64/UE4Editor-MediaPlayerEditor.dll (API version 3944462).
LogModuleManager: Display: Found up-to-date module file ../../../Engine/Plugins/Media/WmfMedia/Binaries/Win64/UE4Editor-WmfMedia.dll (API version 3944462).
LogModuleManager: Display: Found up-to-date module file ../../../Engine/Plugins/Media/WmfMedia/Binaries/Win64/UE4Editor-WmfMediaEditor.dll (API version 3944462).
LogModuleManager: Display: Found up-to-date module file ../../../Engine/Plugins/Media/WmfMedia/Binaries/Win64/UE4Editor-WmfMediaFactory.dll (API version 3944462).
LogModuleManager: Display: Found up-to-date module file ../../../Engine/Plugins/Media/WmfMedia/Binaries/Win64/UE4Editor-WmfMediaFactory.dll (API version 3944462).
LogModuleManager: Display: Found up-to-date module file ../../../Engine/Plugins/Messaging/TcpMessaging/Binaries/Win64/UE4Editor-TcpMessaging.dll (API version 3944462).
LogModuleManager: Display: Found up-to-date module file ../../../Engine/Plugins/Messaging/UdpMessaging/Binaries/Win64/UE4Editor-UdpMessaging.dll (API version 3944462).
LogModuleManager: Display: Found up-to-date module file ../../../Engine/Plugins/MovieScene/ActorSequence/Binaries/Win64/UE4Editor-ActorSequence.dll (API version 3944462).
LogModuleManager: Display: Found up-to-date module file ../../../Engine/Plugins/MovieScene/LevelSequenceEditor/Binaries/Win64/UE4Editor-LevelSequenceEditor.dll (API version 3944462).
LogModuleManager: Display: Found up-to-date module file ../../../Engine/Plugins/MovieScene/MatineeToLevelSequence/Binaries/Win64/UE4Editor-MatineeToLevelSequence.dll (API version 3944462).
LogModuleManager: Display: Found up-to-date module file ../../../Engine/Plugins/NetcodeUnitTest/NetcodeUnitTest/Binaries/Win64/UE4Editor-NetcodeUnitTest.dll (API version 3944462).
LogModuleManager: Display: Found up-to-date module file ../../../Engine/Plugins/NetcodeUnitTest/NUTUnrealEngine4/Binaries/Win64/UE4Editor-NUTUnrealEngine4.dll (API version 3944462).
LogModuleManager: Display: Found up-to-date module file ../../../Engine/Plugins/Online/OnlineSubsystem/Binaries/Win64/UE4Editor-OnlineSubsystem.dll (API version 3944462).
LogModuleManager: Display: Found up-to-date module file ../../../Engine/Plugins/Runtime/AndroidPermission/Binaries/Win64/UE4Editor-AndroidPermission.dll (API version 3944462).
LogModuleManager: Display: Found up-to-date module file ../../../Engine/Plugins/Online/OnlineSubsystemNull/Binaries/Win64/UE4Editor-OnlineSubsystemNull.dll (API version 3944462).
LogModuleManager: Display: Found up-to-date module file ../../../Engine/Plugins/Online/OnlineSubsystemUtils/Binaries/Win64/UE4Editor-OnlineSubsystemUtils.dll (API version 3944462).
LogModuleManager: Display: Found up-to-date module file ../../../Engine/Plugins/Online/OnlineSubsystemUtils/Binaries/Win64/UE4Editor-OnlineBlueprintSupport.dll (API version 3944462).
LogModuleManager: Display: Found up-to-date module file ../../../Engine/Plugins/Runtime/AndroidDeviceProfileSelector/Binaries/Win64/UE4Editor-AndroidDeviceProfileSelector.dll (API version 3944462).
LogModuleManager: Display: Found up-to-date module file ../../../Engine/Plugins/Runtime/AppleARKit/Binaries/Win64/UE4Editor-AppleARKit.dll (API version 3944462).
LogModuleManager: Display: Found up-to-date module file ../../../Engine/Plugins/Runtime/ProceduralMeshComponent/Binaries/Win64/UE4Editor-ProceduralMeshComponent.dll (API version 3944462).
LogModuleManager: Display: Found up-to-date module file ../../../Engine/Plugins/Runtime/ProceduralMeshComponent/Binaries/Win64/UE4Editor-ProceduralMeshComponentEditor.dll (API version 3944462).
LogModuleManager: Display: Found up-to-date module file ../../../Engine/Plugins/Animation/LiveLink/Binaries/Win64/UE4Editor-LiveLink.dll (API version 3944462).
LogModuleManager: Display: Found up-to-date module file ../../../Engine/Plugins/Animation/LiveLink/Binaries/Win64/UE4Editor-LiveLinkEditor.dll (API version 3944462).
LogModuleManager: Display: Found up-to-date module file ../../../Engine/Plugins/Runtime/ArchVisCharacter/Binaries/Win64/UE4Editor-ArchVisCharacter.dll (API version 3944462).
LogModuleManager: Display: Found up-to-date module file ../../../Engine/Plugins/Runtime/AudioCapture/Binaries/Win64/UE4Editor-AudioCapture.dll (API version 3944462).
LogModuleManager: Display: Found up-to-date module file ../../../Engine/Plugins/Runtime/AudioCapture/Binaries/Win64/UE4Editor-AudioCaptureEditor.dll (API version 3944462).
LogModuleManager: Display: Found up-to-date module file ../../../Engine/Plugins/Runtime/CableComponent/Binaries/Win64/UE4Editor-CableComponent.dll (API version 3944462).
LogModuleManager: Display: Found up-to-date module file ../../../Engine/Plugins/Runtime/CustomMeshComponent/Binaries/Win64/UE4Editor-CustomMeshComponent.dll (API version 3944462).
LogModuleManager: Display: Found up-to-date module file ../../../Engine/Plugins/Runtime/ExampleDeviceProfileSelector/Binaries/Win64/UE4Editor-ExampleDeviceProfileSelector.dll (API version 3944462).
LogModuleManager: Display: Found up-to-date module file ../../../Engine/Plugins/Runtime/ImmediatePhysics/Binaries/Win64/UE4Editor-ImmediatePhysics.dll (API version 3944462).
LogModuleManager: Display: Found up-to-date module file ../../../Engine/Plugins/Runtime/ImmediatePhysics/Binaries/Win64/UE4Editor-ImmediatePhysicsEditor.dll (API version 3944462).
LogModuleManager: Display: Found up-to-date module file ../../../Engine/Plugins/Runtime/LocationServicesBPLibrary/Binaries/Win64/UE4Editor-LocationServicesBPLibrary.dll (API version 3944462).
LogModuleManager: Display: Found up-to-date module file ../../../Engine/Plugins/Runtime/MobilePatchingUtils/Binaries/Win64/UE4Editor-MobilePatchingUtils.dll (API version 3944462).
LogModuleManager: Display: Found up-to-date module file ../../../Engine/Plugins/Runtime/Oculus/OculusVR/Binaries/Win64/UE4Editor-OculusHMD.dll (API version 3944462).
LogModuleManager: Display: Found up-to-date module file ../../../Engine/Plugins/Runtime/Oculus/OculusVR/Binaries/Win64/UE4Editor-OculusInput.dll (API version 3944462).
LogModuleManager: Display: Found up-to-date module file ../../../Engine/Plugins/Runtime/Oculus/OculusVR/Binaries/Win64/UE4Editor-OculusEditor.dll (API version 3944462).
LogModuleManager: Display: Found up-to-date module file ../../../Engine/Plugins/Runtime/RuntimePhysXCooking/Binaries/Win64/UE4Editor-RuntimePhysXCooking.dll (API version 3944462).
LogModuleManager: Display: Found up-to-date module file ../../../Engine/Plugins/Runtime/Steam/SteamVR/Binaries/Win64/UE4Editor-SteamVR.dll (API version 3944462).
LogModuleManager: Display: Found up-to-date module file ../../../Engine/Plugins/Runtime/Steam/SteamVR/Binaries/Win64/UE4Editor-SteamVRController.dll (API version 3944462).
LogModuleManager: Display: Found up-to-date module file ../../../Engine/Plugins/Runtime/WindowsMoviePlayer/Binaries/Win64/UE4Editor-WindowsMoviePlayer.dll (API version 3944462).
LogModuleManager: Display: Found up-to-date module file ../../../../../../Users/xodoa/Documents/Unreal Projects/TacaLePau/Plugins/StreetMap/Binaries/Win64/UE4Editor-StreetMapRuntime.dll (API version 3944462).
LogModuleManager: Display: Found up-to-date module file ../../../../../../Users/xodoa/Documents/Unreal Projects/TacaLePau/Plugins/StreetMap/Binaries/Win64/UE4Editor-StreetMapImporting.dll (API version 3944462).
LogPluginManager: Mounting plugin Paper2D
LogPluginManager: Mounting plugin LiveLink
LogPluginManager: Mounting plugin LightPropagationVolume
LogPluginManager: Mounting plugin CLionSourceCodeAccess
LogPluginManager: Mounting plugin CodeLiteSourceCodeAccess
LogPluginManager: Mounting plugin GitSourceControl
LogPluginManager: Mounting plugin KDevelopSourceCodeAccess
LogPluginManager: Mounting plugin NullSourceCodeAccess
LogPluginManager: Mounting plugin PerforceSourceControl
LogPluginManager: Mounting plugin SubversionSourceControl
LogPluginManager: Mounting plugin UObjectPlugin
LogPluginManager: Mounting plugin VisualStudioCodeSourceCodeAccess
LogPluginManager: Mounting plugin VisualStudioSourceCodeAccess
LogPluginManager: Mounting plugin XCodeSourceCodeAccess
LogPluginManager: Mounting plugin AssetManagerEditor
LogPluginManager: Mounting plugin CryptoKeys
LogPluginManager: Mounting plugin DataValidation
LogPluginManager: Mounting plugin FacialAnimation
LogPluginManager: Mounting plugin GameplayTagsEditor
LogPluginManager: Mounting plugin MobileLauncherProfileWizard
LogPluginManager: Mounting plugin PluginBrowser
LogPluginManager: Mounting plugin SpeedTreeImporter
LogPluginManager: Mounting plugin DatasmithContent
LogPluginManager: Mounting plugin AlembicImporter
LogPluginManager: Mounting plugin CharacterAI
LogPluginManager: Mounting plugin HTML5Networking
LogPluginManager: Mounting plugin RawInput
LogPluginManager: Mounting plugin AndroidMedia
LogPluginManager: Mounting plugin AvfMedia
LogPluginManager: Mounting plugin ImgMedia
LogPluginManager: Mounting plugin LinearTimecode
LogPluginManager: Mounting plugin MediaCompositing
LogPluginManager: Mounting plugin MediaPlayerEditor
LogPluginManager: Mounting plugin WmfMedia
LogPluginManager: Mounting plugin TcpMessaging
LogPluginManager: Mounting plugin UdpMessaging
LogPluginManager: Mounting plugin ActorSequence
LogPluginManager: Mounting plugin LevelSequenceEditor
LogPluginManager: Mounting plugin MatineeToLevelSequence
LogPluginManager: Mounting plugin NetcodeUnitTest
LogPluginManager: Mounting plugin NUTUnrealEngine4
LogPluginManager: Mounting plugin OnlineSubsystemGooglePlay
LogPluginManager: Mounting plugin OnlineSubsystemIOS
LogPluginManager: Mounting plugin OnlineSubsystem
LogPluginManager: Mounting plugin OnlineSubsystemNull
LogPluginManager: Mounting plugin OnlineSubsystemUtils
LogPluginManager: Mounting plugin AndroidDeviceProfileSelector
LogPluginManager: Mounting plugin AndroidMoviePlayer
LogPluginManager: Mounting plugin AndroidPermission
LogPluginManager: Mounting plugin AppleARKit
LogPluginManager: Mounting plugin AppleMoviePlayer
LogPluginManager: Mounting plugin ArchVisCharacter
LogPluginManager: Mounting plugin AudioCapture
LogPluginManager: Mounting plugin CableComponent
LogPluginManager: Mounting plugin CustomMeshComponent
LogPluginManager: Mounting plugin ExampleDeviceProfileSelector
LogPluginManager: Mounting plugin GoogleCloudMessaging
LogPluginManager: Mounting plugin ImmediatePhysics
LogPluginManager: Mounting plugin IOSDeviceProfileSelector
LogPluginManager: Mounting plugin LinuxDeviceProfileSelector
LogPluginManager: Mounting plugin LocationServicesBPLibrary
LogPluginManager: Mounting plugin MobilePatchingUtils
LogPluginManager: Mounting plugin OculusVR
LogPluginManager: Plugin shader directory ../../../Engine/Plugins/Runtime/Oculus/OculusVR/Shaders found
LogPluginManager: Mapping shader source directory ../../../Engine/Plugins/Runtime/Oculus/OculusVR/Shaders to virtual directory /Plugin/OculusVR
LogPluginManager: Mounting plugin PhysXVehicles
LogPluginManager: Mounting plugin ProceduralMeshComponent
LogPluginManager: Mounting plugin RuntimePhysXCooking
LogPluginManager: Mounting plugin SteamVR
LogPluginManager: Mounting plugin WindowsMoviePlayer
LogPluginManager: Mounting plugin StreetMap
LogStreaming: Display: Took  1.384s to configure plugins.
LogInit: Using libcurl 7.47.1
LogInit:  - built for x86_64-pc-win32
LogInit:  - supports SSL with OpenSSL/1.0.2g
LogInit:  - supports HTTP deflate (compression) using libz 1.2.8
LogInit:  - other features:
LogInit:      CURL_VERSION_SSL
LogInit:      CURL_VERSION_LIBZ
LogInit:      CURL_VERSION_IPV6
LogInit:      CURL_VERSION_ASYNCHDNS
LogInit:      CURL_VERSION_LARGEFILE
LogInit:      CURL_VERSION_IDN
LogInit:  CurlRequestOptions (configurable via config and command line):
LogInit:  - bVerifyPeer = false  - Libcurl will NOT verify peer certificate
LogInit:  - bUseHttpProxy = false  - Libcurl will NOT use HTTP proxy
LogInit:  - bDontReuseConnections = false  - Libcurl will reuse connections
LogInit:  - CertBundlePath = nullptr  - Libcurl will use whatever was configured at build time.
LogInit:  - MaxHostConnections = 16  - Libcurl will limit the number of connections to a host
LogInit:  - LocalHostAddr = Default
LogInit: WinSock: version 1.1 (2.2), MaxSocks=32767, MaxUdp=65467
LogInit: WinSock: I am Dell-Aparicio (10.60.95.23:0)
LogInit: Build: ++UE4+Release-4.19-CL-4033788
LogInit: Engine Version: 4.19.2-4033788+++UE4+Release-4.19
LogInit: Compatible Engine Version: 4.19.0-3944462+++UE4+Release-4.19
LogInit: Net CL: 3944462
LogDevObjectVersion: Number of dev versions registered: 18
LogDevObjectVersion:   Dev-Blueprints (B0D832E4-1F89-4F0D-ACCF-7EB736FD4AA2): 10
LogDevObjectVersion:   Dev-Build (E1C64328-A22C-4D53-A36C-8E866417BD8C): 0
LogDevObjectVersion:   Dev-Core (375EC13C-06E4-48FB-B500-84F0262A717E): 2
LogDevObjectVersion:   Dev-Editor (E4B068ED-F494-42E9-A231-DA0B2E46BB41): 23
LogDevObjectVersion:   Dev-Framework (CFFC743F-43B0-4480-9391-14DF171D2073): 33
LogDevObjectVersion:   Dev-Mobile (B02B49B5-BB20-44E9-A304-32B752E40360): 2
LogDevObjectVersion:   Dev-Networking (A4E4105C-59A1-49B5-A7C5-40C4547EDFEE): 0
LogDevObjectVersion:   Dev-Online (39C831C9-5AE6-47DC-9A44-9C173E1C8E7C): 0
LogDevObjectVersion:   Dev-Physics (78F01B33-EBEA-4F98-B9B4-84EACCB95AA2): 0
LogDevObjectVersion:   Dev-Platform (6631380F-2D4D-43E0-8009-CF276956A95A): 0
LogDevObjectVersion:   Dev-Rendering (12F88B9F-8875-4AFC-A67C-D90C383ABD29): 25
LogDevObjectVersion:   Dev-Sequencer (7B5AE74C-D270-4C10-A958-57980B212A5A): 6
LogDevObjectVersion:   Dev-VR (D7296918-1DD6-4BDD-9DE2-64A83CC13884): 1
LogDevObjectVersion:   Dev-LoadTimes (C2A15278-BFE7-4AFE-6C17-90FF531DF755): 1
LogDevObjectVersion:   Private-Geometry (6EACA3D4-40EC-4CC1-B786-8BED09428FC5): 2
LogDevObjectVersion:   Dev-AnimPhys (29E575DD-E0A3-4627-9D10-D276232CDCEA): 16
LogDevObjectVersion:   Dev-ReflectionCapture (6B266CEC-1EC7-4B8F-A30B-E4D90942FC07): 1
LogDevObjectVersion:   Dev-Automation (0DF73D61-A23F-47EA-B727-89E90C41499A): 1
LogInit: Compiled (64-bit): Apr 27 2018 02:06:57
LogInit: Compiled with Visual C++: 19.00.24215.01
LogInit: Build Configuration: Development
LogInit: Branch Name: ++UE4+Release-4.19
LogInit: Command Line: 
LogInit: Base Directory: C:/Program Files/Epic Games/UE_4.19/Engine/Binaries/Win64/
LogInit: Installed Engine Build: 1
LogStreaming: Display: Took  0.001s to delete old logs.
LogInit: Presizing for max 8388607 objects, including 0 objects not considered by GC, pre-allocating 0 bytes for permanent pool.
LogInit: Object subsystem initialized
[2019.10.23-22.10.27:792][  0]LogInit: Selected Device Profile: [Windows]
[2019.10.23-22.10.27:792][  0]LogInit: Applying CVar settings loaded from the selected device profile: [Windows]
[2019.10.23-22.10.27:830][  0]LogInit: Computer: DELL-APARICIO
[2019.10.23-22.10.27:830][  0]LogInit: User: xodoa
[2019.10.23-22.10.27:830][  0]LogInit: CPU Page size=4096, Cores=4
[2019.10.23-22.10.27:830][  0]LogInit: High frequency timer resolution =10.000000 MHz
[2019.10.23-22.10.27:831][  0]LogMemory: Memory total: Physical=15.9GB (16GB approx)
[2019.10.23-22.10.27:831][  0]LogMemory: Platform Memory Stats for Windows
[2019.10.23-22.10.27:831][  0]LogMemory: Process Physical Memory: 273.72 MB used, 273.73 MB peak
[2019.10.23-22.10.27:831][  0]LogMemory: Process Virtual Memory: 264.92 MB used, 264.92 MB peak
[2019.10.23-22.10.27:831][  0]LogMemory: Physical Memory: 6905.16 MB used,  9345.34 MB free, 16250.49 MB total
[2019.10.23-22.10.27:831][  0]LogMemory: Virtual Memory: 4778.80 MB used,  9345.34 MB free, 134217728.00 MB total
[2019.10.23-22.10.27:863][  0]LogInit: Using OS detected language (pt-BR).
[2019.10.23-22.10.27:863][  0]LogInit: Using OS detected locale (pt-BR).
[2019.10.23-22.10.28:303][  0]LogStreaming: Display: Took  0.440s to EndInitTextLocalization.
[2019.10.23-22.10.28:303][  0]LogInit: Setting process to per monitor DPI aware
[2019.10.23-22.10.28:356][  0]LogSlate: New Slate User Created.  User Index 0, Is Virtual User: 0
[2019.10.23-22.10.28:356][  0]LogSlate: Slate User Registered.  User Index 0, Is Virtual User: 0
[2019.10.23-22.10.28:601][  0]LogD3D11RHI: D3D11 adapters:
[2019.10.23-22.10.28:653][  0]LogD3D11RHI:    0. 'Intel(R) HD Graphics 530' (Feature Level 11_0)
[2019.10.23-22.10.28:653][  0]LogD3D11RHI:       128/0/8125 MB DedicatedVideo/DedicatedSystem/SharedSystem, Outputs:1, VendorId:0x8086
[2019.10.23-22.10.28:656][  0]LogD3D11RHI:    1. 'Microsoft Basic Render Driver' (Feature Level 11_0)
[2019.10.23-22.10.28:656][  0]LogD3D11RHI:       0/0/8125 MB DedicatedVideo/DedicatedSystem/SharedSystem, Outputs:0, VendorId:0x1414
[2019.10.23-22.10.28:656][  0]LogD3D11RHI: Chosen D3D11 Adapter: 0
[2019.10.23-22.10.28:665][  0]LogD3D11RHI: Creating new Direct3DDevice
[2019.10.23-22.10.28:665][  0]LogD3D11RHI:     GPU DeviceId: 0x191b (for the marketing name, search the web for "GPU Device Id")
[2019.10.23-22.10.28:665][  0]LogWindows: EnumDisplayDevices:
[2019.10.23-22.10.28:665][  0]LogWindows:    0. 'Intel(R) HD Graphics 530' (P:1 D:1)
[2019.10.23-22.10.28:665][  0]LogWindows:    1. 'Intel(R) HD Graphics 530' (P:0 D:0)
[2019.10.23-22.10.28:666][  0]LogWindows:    2. 'Intel(R) HD Graphics 530' (P:0 D:0)
[2019.10.23-22.10.28:666][  0]LogWindows: DebugString: GetVideoDriverDetailsInvalid PrimaryIsNotTheChoosenAdapter GetVideoDriverDetailsInvalid PrimaryIsNotTheChoosenAdapter GetVideoDriverDetailsInvalid PrimaryIsNotTheChoosenAdapter FoundDriverCount:0 
[2019.10.23-22.10.28:666][  0]LogD3D11RHI:     Adapter Name: Intel(R) HD Graphics 530
[2019.10.23-22.10.28:666][  0]LogD3D11RHI:   Driver Version: Unknown (internal:Unknown, unified:Unknown)
[2019.10.23-22.10.28:666][  0]LogD3D11RHI:      Driver Date: Unknown
[2019.10.23-22.10.28:666][  0]LogRHI: Texture pool is 1523 MB (70% of 2176 MB)
[2019.10.23-22.10.28:722][  0]LogD3D11RHI: Async texture creation enabled
[2019.10.23-22.10.28:731][  0]LogD3D11RHI: GPU Timing Frequency: 12.000048 (Debug: 2 0)
[2019.10.23-22.10.28:732][  0]LogShaderCompilers: Guid format shader working directory is -20 characters bigger than the processId version (../../../../../../Users/xodoa/Documents/Unreal Projects/TacaLePau/Intermediate/Shaders/WorkingDirectory/24552/).
[2019.10.23-22.10.28:733][  0]LogShaderCompilers: Cleaned the shader compiler working directory 'C:/Users/xodoa/AppData/Local/Temp/UnrealShaderWorkingDir/E9B74EAF46255365065362B6ABA539D8/'.
[2019.10.23-22.10.29:018][  0]LogTemp: Display: Loaded TP AllDesktopTargetPlatform
[2019.10.23-22.10.29:035][  0]LogTemp: Display: Loaded TP MacClientTargetPlatform
[2019.10.23-22.10.29:051][  0]LogTemp: Display: Loaded TP MacNoEditorTargetPlatform
[2019.10.23-22.10.29:067][  0]LogTemp: Display: Loaded TP MacServerTargetPlatform
[2019.10.23-22.10.29:083][  0]LogTemp: Display: Loaded TP MacTargetPlatform
[2019.10.23-22.10.29:099][  0]LogTemp: Display: Loaded TP WindowsClientTargetPlatform
[2019.10.23-22.10.29:115][  0]LogTemp: Display: Loaded TP WindowsNoEditorTargetPlatform
[2019.10.23-22.10.29:134][  0]LogTemp: Display: Loaded TP WindowsServerTargetPlatform
[2019.10.23-22.10.29:141][  0]LogTemp: Display: Loaded TP WindowsTargetPlatform
[2019.10.23-22.10.29:156][  0]LogTemp: Display: Loaded TP Android_ASTCTargetPlatform
[2019.10.23-22.10.29:169][  0]LogTemp: Display: Loaded TP Android_ATCTargetPlatform
[2019.10.23-22.10.29:184][  0]LogTemp: Display: Loaded TP Android_DXTTargetPlatform
[2019.10.23-22.10.29:198][  0]LogTemp: Display: Loaded TP Android_ETC1aTargetPlatform
[2019.10.23-22.10.29:213][  0]LogTemp: Display: Loaded TP Android_ETC1TargetPlatform
[2019.10.23-22.10.29:227][  0]LogTemp: Display: Loaded TP Android_ETC2TargetPlatform
[2019.10.23-22.10.29:255][  0]LogTemp: Display: Loaded TP Android_MultiTargetPlatform
[2019.10.23-22.10.29:255][  0]LogTemp: Display: Loaded TP Android_PVRTCTargetPlatform
[2019.10.23-22.10.29:268][  0]LogTemp: Display: Loaded TP AndroidTargetPlatform
[2019.10.23-22.10.29:270][  0]LogTemp: Display: Loaded TP HTML5TargetPlatform
[2019.10.23-22.10.29:310][  0]LogTemp: Display: Loaded TP IOSTargetPlatform
[2019.10.23-22.10.29:327][  0]LogTemp: Display: Loaded TP TVOSTargetPlatform
[2019.10.23-22.10.29:345][  0]LogTemp: Display: Loaded TP LinuxClientTargetPlatform
[2019.10.23-22.10.29:358][  0]LogTemp: Display: Loaded TP LinuxNoEditorTargetPlatform
[2019.10.23-22.10.29:372][  0]LogTemp: Display: Loaded TP LinuxServerTargetPlatform
[2019.10.23-22.10.29:387][  0]LogTemp: Display: Loaded TP LinuxTargetPlatform
[2019.10.23-22.10.29:387][  0]LogTargetPlatformManager: Display: Building Assets For Windows
[2019.10.23-22.10.29:522][  0]LogXGEController: Cannot use XGE Controller as Incredibuild is not installed on this machine.
[2019.10.23-22.10.29:522][  0]LogShaderCompilers: Cannot use XGE Shader Compiler as Incredibuild is not installed on this machine.
[2019.10.23-22.10.29:522][  0]LogShaderCompilers: Display: Using Local Shader Compiler.
[2019.10.23-22.10.30:436][  0]LogDerivedDataCache: Display: Max Cache Size: 512 MB
[2019.10.23-22.10.30:517][  0]LogDerivedDataCache: Loaded boot cache 0.08s 74MB C:/Users/xodoa/AppData/Local/UnrealEngine/4.19/DerivedDataCache/Boot.ddc.
[2019.10.23-22.10.30:517][  0]LogDerivedDataCache: Display: Loaded Boot cache: C:/Users/xodoa/AppData/Local/UnrealEngine/4.19/DerivedDataCache/Boot.ddc
[2019.10.23-22.10.30:517][  0]LogDerivedDataCache: FDerivedDataBackendGraph:  Pak pak cache file ../../../../../../Users/xodoa/Documents/Unreal Projects/TacaLePau/DerivedDataCache/DDC.ddp not found, will not use a pak cache.
[2019.10.23-22.10.30:517][  0]LogDerivedDataCache: Unable to find inner node Pak for hierarchical cache Hierarchy.
[2019.10.23-22.10.30:518][  0]LogDerivedDataCache: FDerivedDataBackendGraph:  CompressedPak pak cache file ../../../../../../Users/xodoa/Documents/Unreal Projects/TacaLePau/DerivedDataCache/Compressed.ddp not found, will not use a pak cache.
[2019.10.23-22.10.30:518][  0]LogDerivedDataCache: Unable to find inner node CompressedPak for hierarchical cache Hierarchy.
[2019.10.23-22.10.30:540][  0]LogDerivedDataCache: Display: Pak cache opened for reading ../../../Engine/DerivedDataCache/Compressed.ddp.
[2019.10.23-22.10.30:553][  0]LogDerivedDataCache: Using Local data cache path C:/Users/xodoa/AppData/Local/UnrealEngine/Common/DerivedDataCache: Writable
[2019.10.23-22.10.30:553][  0]LogDerivedDataCache: Shared data cache path not found in *engine.ini, will not use an Shared cache.
[2019.10.23-22.10.30:553][  0]LogDerivedDataCache: Unable to find inner node Shared for hierarchical cache Hierarchy.
[2019.10.23-22.10.30:569][  0]LogMaterial: Verifying Global Shaders for PCD3D_SM5
[2019.10.23-22.10.30:569][  0]LogSlate: Using Freetype 2.6.0
[2019.10.23-22.10.30:570][  0]LogSlate: SlateFontCache - WITH_FREETYPE: 1, WITH_HARFBUZZ: 1
[2019.10.23-22.10.30:570][  0]LogSlate: SlateFontCache - WITH_FREETYPE: 1, WITH_HARFBUZZ: 1
[2019.10.23-22.10.30:717][  0]LogAssetRegistry: FAssetRegistry took 0.0287 seconds to start up
[2019.10.23-22.10.31:128][  0]LogInit: Selected Device Profile: [Windows]
[2019.10.23-22.10.31:223][  0]LogSimplygon: Simplygon DLL not present - disabling.
[2019.10.23-22.10.31:227][  0]LogMeshReduction: Using SimplygonSwarm for distributed automatic mesh merging
[2019.10.23-22.10.31:227][  0]LogMeshReduction: Using QuadricMeshReduction for automatic static mesh reduction
[2019.10.23-22.10.31:227][  0]LogMeshReduction: No automatic skeletal mesh reduction module available
[2019.10.23-22.10.31:227][  0]LogMeshReduction: No automatic mesh merging module available
[2019.10.23-22.10.31:227][  0]LogMeshMerging: No automatic mesh merging module available
[2019.10.23-22.10.31:366][  0]LogNetVersion: TacaLePau , NetCL: 3944462, EngineNetVer: 2, GameNetVer: 0 (Checksum: 2802383610)
[2019.10.23-22.10.32:342][  0]LogPackageLocalizationCache: Processed 10 localized package path(s) for 2 prioritized culture(s) in 0.226474 seconds
[2019.10.23-22.10.32:353][  0]LogUObjectArray: 36728 objects as part of root set at end of initial load.
[2019.10.23-22.10.32:353][  0]LogUObjectAllocator: 7314312 out of 0 bytes used by permanent object pool.
[2019.10.23-22.10.32:353][  0]LogUObjectArray: CloseDisregardForGC: 0/0 objects in disregard for GC pool
[2019.10.23-22.10.34:382][  0]LogTcpMessaging: Initializing TcpMessaging bridge
[2019.10.23-22.10.34:414][  0]LogUdpMessaging: Initializing bridge on interface 0.0.0.0:0 to multicast group 230.0.0.1:6666.
[2019.10.23-22.10.34:830][  0]SourceControl: Controle de origem desativado
[2019.10.23-22.10.34:830][  0]SourceControl: Controle de origem desativado
[2019.10.23-22.10.34:849][  0]SourceControl: Controle de origem desativado
[2019.10.23-22.10.34:869][  0]SourceControl: Controle de origem desativado
[2019.10.23-22.10.35:504][  0]LogAndroidPermission: UAndroidPermissionCallbackProxy::GetInstance
[2019.10.23-22.10.35:729][  0]LogOcInput: OculusInput pre-init called
[2019.10.23-22.10.35:830][  0]LogLinker: Warning: Asset '../../../../../../Users/xodoa/Documents/Unreal Projects/TacaLePau/Plugins/StreetMap/Content/StreetMapDefaultMaterial.uasset' has been saved with empty engine version. The asset will be loaded but may be incompatible.
[2019.10.23-22.10.35:998][  0]LogEngine: Initializing Engine...
[2019.10.23-22.10.36:001][  0]LogHMD: Failed to initialize OpenVR with code 110
[2019.10.23-22.10.36:003][  0]LogStats: UGameplayTagsManager::ConstructGameplayTagTree: Construct from data asset -  0.000 s
[2019.10.23-22.10.36:003][  0]LogStats: UGameplayTagsManager::ConstructGameplayTagTree: GameplayTagTreeChangedEvent.Broadcast -  0.000 s
[2019.10.23-22.10.36:294][  0]LogAIModule: Creating AISystem for world Untitled
[2019.10.23-22.10.36:317][  0]LogInit: XAudio2 using 'Fones de ouvido / Alto falantes (2- Realtek Audio)' : 2 channels at 48 kHz using 32 bits per sample (channel mask 0x3)
[2019.10.23-22.10.36:680][  0]LogInit: FAudioDevice initialized.
[2019.10.23-22.10.36:794][  0]LogDerivedDataCache: Saved boot cache 0.11s 74MB C:/Users/xodoa/AppData/Local/UnrealEngine/4.19/DerivedDataCache/Boot.ddc.
[2019.10.23-22.10.36:816][  0]LogInit: Texture streaming: Enabled
[2019.10.23-22.10.36:847][  0]LogEngineSessionManager: EngineSessionManager initialized
[2019.10.23-22.10.36:876][  0]LogInit: Transaction tracking system initialized
[2019.10.23-22.10.36:920][  0]BlueprintLog: New page: Carregar Editor
[2019.10.23-22.10.37:004][  0]LocalizationService: Localization service is disabled
[2019.10.23-22.10.37:141][  0]LogConsoleResponse: Display: 
[2019.10.23-22.10.37:457][  0]LogCook: Display: Max memory allowance for cook 16384mb min free memory 0mb
[2019.10.23-22.10.37:457][  0]LogCook: Display: Mobile HDR setting 1
[2019.10.23-22.10.37:457][  0]LogGameplayTags: Display: UGameplayTagsManager::DoneAddingNativeTags. DelegateIsBound: 0
[2019.10.23-22.10.37:457][  0]LogStats: UGameplayTagsManager::ConstructGameplayTagTree: Construct from data asset -  0.000 s
[2019.10.23-22.10.37:458][  0]LogStats: UGameplayTagsManager::ConstructGameplayTagTree: GameplayTagTreeChangedEvent.Broadcast -  0.000 s
[2019.10.23-22.10.37:949][  0]LogFileCache: Scanning file cache for directory 'C:/Users/xodoa/Documents/Unreal Projects/TacaLePau/Content/' took 0.03s
[2019.10.23-22.10.37:949][  0]SourceControl: Controle de origem desativado
[2019.10.23-22.10.37:949][  0]Cmd: MAP LOAD FILE="../../../../../../Users/xodoa/Documents/Unreal Projects/TacaLePau/Content/VehicleAdvBP/Maps/VehicleAdvExampleMap.umap" TEMPLATE=0 SHOWPROGRESS=1 FEATURELEVEL=3
[2019.10.23-22.10.37:961][  0]LightingResults: New page: Compilação de Iluminação
[2019.10.23-22.10.37:967][  0]MapCheck: New page: Verificação de Mapa
[2019.10.23-22.10.37:967][  0]LightingResults: New page: Compilação de Iluminação
[2019.10.23-22.10.38:065][  0]LogUObjectGlobals: Created PersistentFrame Addr=0x000001be73742960, Size=4, Default__VehicleAnimationBlueprint_C Function /Game/VehicleAdv/Vehicle/VehicleAnimationBlueprint.VehicleAnimationBlueprint_C:ExecuteUbergraph_VehicleAnimationBlueprint
[2019.10.23-22.10.38:104][  0]LogUObjectGlobals: Destroyed PersistentFrame Addr=0x000001be73742960, Size=4
[2019.10.23-22.10.38:104][  0]LogUObjectGlobals: Created PersistentFrame Addr=0x000001be73742960, Size=4, Default__VehicleAnimationBlueprint_C Function /Engine/Transient.REINST_VehicleAnimationBlueprint_C_0:ExecuteUbergraph_VehicleAnimationBlueprint
[2019.10.23-22.10.38:121][  0]LogUObjectGlobals: Created PersistentFrame Addr=0x000001be737421c8, Size=4, Default__VehicleAnimationBlueprint_C Function /Game/VehicleAdv/Vehicle/VehicleAnimationBlueprint.VehicleAnimationBlueprint_C:ExecuteUbergraph_VehicleAnimationBlueprint
[2019.10.23-22.10.38:172][  0]LogUObjectGlobals: Created PersistentFrame Addr=0x000001be116f3c80, Size=392, Default__VehicleBlueprint_C Function /Game/VehicleAdvBP/Blueprints/VehicleBlueprint.VehicleBlueprint_C:ExecuteUbergraph_VehicleBlueprint
[2019.10.23-22.10.38:183][  0]LogUObjectGlobals: Created PersistentFrame Addr=0x000001be116dd260, Size=144, Default__VehicleAdvHud_C Function /Game/VehicleAdvBP/Blueprints/VehicleAdvHud.VehicleAdvHud_C:ExecuteUbergraph_VehicleAdvHud
[2019.10.23-22.10.38:388][  0]LogUObjectGlobals: Destroyed PersistentFrame Addr=0x000001be116dd260, Size=144
[2019.10.23-22.10.38:388][  0]LogUObjectGlobals: Created PersistentFrame Addr=0x000001be1241e200, Size=144, Default__VehicleAdvHud_C Function /Engine/Transient.REINST_VehicleAdvHud_C_2:ExecuteUbergraph_VehicleAdvHud
[2019.10.23-22.10.38:389][  0]LogUObjectGlobals: Destroyed PersistentFrame Addr=0x000001be116f3c80, Size=392
[2019.10.23-22.10.38:389][  0]LogUObjectGlobals: Created PersistentFrame Addr=0x000001be11fe2940, Size=392, Default__VehicleBlueprint_C Function /Engine/Transient.REINST_VehicleBlueprint_C_3:ExecuteUbergraph_VehicleBlueprint
[2019.10.23-22.10.38:411][  0]LogUObjectGlobals: Created PersistentFrame Addr=0x000001be12369e40, Size=144, Default__VehicleAdvHud_C Function /Game/VehicleAdvBP/Blueprints/VehicleAdvHud.VehicleAdvHud_C:ExecuteUbergraph_VehicleAdvHud
[2019.10.23-22.10.38:413][  0]LogUObjectGlobals: Created PersistentFrame Addr=0x000001be11fe0b80, Size=392, Default__VehicleBlueprint_C Function /Game/VehicleAdvBP/Blueprints/VehicleBlueprint.VehicleBlueprint_C:ExecuteUbergraph_VehicleBlueprint
[2019.10.23-22.10.38:903][  0]LogSkeletalMesh: Skeletal Mesh found in DDC [22.273899ms] /Game/VehicleAdv/Vehicle/Vehicle_SkelMesh.Vehicle_SkelMesh
[2019.10.23-22.10.39:289][  0]LogAIModule: Creating AISystem for world VehicleAdvExampleMap
[2019.10.23-22.10.39:331][  0]LogEditorServer: Finished looking for orphan Actors (0.000 secs)
[2019.10.23-22.10.39:352][  0]LogUObjectGlobals: Destroyed PersistentFrame Addr=0x000001be73742960, Size=4
[2019.10.23-22.10.39:353][  0]LogUObjectGlobals: Destroyed PersistentFrame Addr=0x000001be11fe2940, Size=392
[2019.10.23-22.10.39:353][  0]LogUObjectGlobals: Destroyed PersistentFrame Addr=0x000001be1241e200, Size=144
[2019.10.23-22.10.39:355][  0]Cmd: MAP CHECKDEP NOCLEARLOG
[2019.10.23-22.10.39:468][  0]MapCheck: Map check complete: 0 Error(s), 0 Warning(s), took 112,396ms to complete.
[2019.10.23-22.10.39:468][  0]LogFileHelpers: Loading map 'VehicleAdvExampleMap' took 1.519
[2019.10.23-22.10.39:797][  0]LogCollectionManager: Loaded 0 collections in 0.003592 seconds
[2019.10.23-22.10.39:873][  0]LogFileCache: Scanning file cache for directory 'C:/Users/xodoa/Documents/Unreal Projects/TacaLePau/Saved/Collections/' took 0.01s
[2019.10.23-22.10.39:873][  0]LogFileCache: Scanning file cache for directory 'C:/Users/xodoa/Documents/Unreal Projects/TacaLePau/Content/Developers/xodoa/Collections/' took 0.01s
[2019.10.23-22.10.39:873][  0]LogFileCache: Scanning file cache for directory 'C:/Users/xodoa/Documents/Unreal Projects/TacaLePau/Content/Collections/' took 0.01s
[2019.10.23-22.10.39:873][  0]LogCollectionManager: Rebuilt the GUID cache for 0 collections in 0.000001 seconds
[2019.10.23-22.10.39:896][  0]LogContentBrowser: Native class hierarchy populated in 0.0203 seconds. Added 2460 classes and 565 folders.
[2019.10.23-22.10.39:918][  0]LogContentBrowser: Native class hierarchy updated for 'WidgetCarousel' in 0.0005 seconds. Added 0 classes and 0 folders.
[2019.10.23-22.10.40:674][  0]LogContentBrowser: Native class hierarchy updated for 'AddContentDialog' in 0.0004 seconds. Added 0 classes and 0 folders.
[2019.10.23-22.10.40:699][  0]LogContentBrowser: Native class hierarchy updated for 'SceneOutliner' in 0.0006 seconds. Added 1 classes and 2 folders.
[2019.10.23-22.10.40:998][  0]LogSlate: Took 0.000300 seconds to synchronously load lazily loaded font '../../../Engine/Content/Slate/Fonts/Roboto-Regular.ttf' (155K)
[2019.10.23-22.10.41:002][  0]LogSlate: Took 0.000498 seconds to synchronously load lazily loaded font '../../../Engine/Content/Slate/Fonts/Roboto-Bold.ttf' (160K)
[2019.10.23-22.10.41:023][  0]LogSlate: Took 0.009541 seconds to synchronously load lazily loaded font '../../../Engine/Content/Editor/Slate/Fonts/FontAwesome.ttf' (139K)
[2019.10.23-22.10.41:374][  0]LogRenderer: Reallocating scene render targets to support 1072x500 Format 10 NumSamples 1 (Frame:1).
[2019.10.23-22.10.41:644][  0]LogContentBrowser: Native class hierarchy updated for 'HierarchicalLODOutliner' in 0.0005 seconds. Added 0 classes and 0 folders.
[2019.10.23-22.10.41:644][  0]LogLoad: (Engine Initialization) Total time: 17.03 seconds
[2019.10.23-22.10.41:644][  0]LogLoad: (Engine Initialization) Total Blueprint compile time: 0.00 seconds
[2019.10.23-22.10.41:668][  0]LogRawInputWindows: Warning: Found device 0 devices
[2019.10.23-22.10.41:668][  0]LogRawInputWindows: Warning: Found device 0 devices
[2019.10.23-22.10.41:668][  0]LogRawInputWindows: Warning: Device was registered succesfully but not connected (Usage:4 UsagePage:1)
[2019.10.23-22.10.41:668][  0]LogRawInputWindows: Warning: Found device 1 devices
[2019.10.23-22.10.41:669][  0]LogRawInputWindows: Warning: Device was registered succesfully but not connected (Usage:5 UsagePage:1)
[2019.10.23-22.10.41:697][  0]LogContentStreaming: Texture pool size now 1000 MB
[2019.10.23-22.10.41:791][  1]LogAssetRegistry: Asset discovery search completed in 11.0969 seconds
[2019.10.23-22.10.41:793][  1]LogCollectionManager: Rebuilt the object cache for 0 collections in 0.000002 seconds (found 0 objects)
[2019.10.23-22.10.41:793][  1]LogCollectionManager: Fixed up redirectors for 0 collections in 0.000098 seconds (updated 0 objects)
[2019.10.23-22.10.49:974][149]LogSynthBenchmark: Display: FSynthBenchmark (V0.95):  requested WorkScale=5.00
[2019.10.23-22.10.49:974][149]LogSynthBenchmark: Display: ===============
[2019.10.23-22.10.49:974][149]LogSynthBenchmark: Display: Main Processor:
[2019.10.23-22.10.50:347][149]LogSynthBenchmark: Display:          ... 0.047659 s/Run 'RayIntersect'
[2019.10.23-22.10.50:347][149]LogSynthBenchmark: Display:          ... 0.026717 s/Run 'Fractal'
[2019.10.23-22.10.50:347][149]LogSynthBenchmark: Display: 
[2019.10.23-22.10.50:347][149]LogSynthBenchmark: Display:   CompiledTarget_x_Bits: 64
[2019.10.23-22.10.50:347][149]LogSynthBenchmark: Display:   UE_BUILD_SHIPPING: 0
[2019.10.23-22.10.50:347][149]LogSynthBenchmark: Display:   UE_BUILD_TEST: 0
[2019.10.23-22.10.50:347][149]LogSynthBenchmark: Display:   UE_BUILD_DEBUG: 0
[2019.10.23-22.10.50:347][149]LogSynthBenchmark: Display:   TotalPhysicalGBRam: 16
[2019.10.23-22.10.50:347][149]LogSynthBenchmark: Display:   NumberOfCores (physical): 4
[2019.10.23-22.10.50:347][149]LogSynthBenchmark: Display:   NumberOfCores (logical): 8
[2019.10.23-22.10.50:347][149]LogSynthBenchmark: Display:   CPU Perf Index 0: 53.7 (weight 1.00)
[2019.10.23-22.10.50:347][149]LogSynthBenchmark: Display:   CPU Perf Index 1: 107.0 (weight 1.50)
[2019.10.23-22.10.50:347][149]LogSynthBenchmark: Display:  
[2019.10.23-22.10.50:347][149]LogSynthBenchmark: Display: Graphics:
[2019.10.23-22.10.50:347][149]LogSynthBenchmark: Display:   Adapter Name: 'Intel(R) HD Graphics 530'
[2019.10.23-22.10.50:347][149]LogSynthBenchmark: Display:   (On Optimus the name might be wrong, memory should be ok)
[2019.10.23-22.10.50:347][149]LogSynthBenchmark: Display:   Vendor Id: 0x8086
[2019.10.23-22.10.50:347][149]LogSynthBenchmark: Display:   Device Id: 0x191B
[2019.10.23-22.10.50:347][149]LogSynthBenchmark: Display:   Device Revision: 0x6
[2019.10.23-22.10.50:347][149]LogSynthBenchmark: Display:   GPU Memory: 128/0/8126 MB
[2019.10.23-22.10.50:549][149]LogSynthBenchmark: Display:   GPU first test: 0.11s
[2019.10.23-22.10.50:549][149]LogSynthBenchmark: Display:          ... 0.933 s/GigaPix, Confidence=89% 'ALUHeavyNoise' (likely to be very inaccurate)
[2019.10.23-22.10.50:549][149]LogSynthBenchmark: Display:          ... 0.690 s/GigaPix, Confidence=89% 'TexHeavy' (likely to be very inaccurate)
[2019.10.23-22.10.50:549][149]LogSynthBenchmark: Display:          ... 0.677 s/GigaPix, Confidence=100% 'DepTexHeavy' (likely to be very inaccurate)
[2019.10.23-22.10.50:549][149]LogSynthBenchmark: Display:          ... 3.847 s/GigaPix, Confidence=89% 'FillOnly' (likely to be very inaccurate)
[2019.10.23-22.10.50:549][149]LogSynthBenchmark: Display:          ... 0.105 s/GigaPix, Confidence=100% 'Bandwidth' (likely to be very inaccurate)
[2019.10.23-22.10.50:549][149]LogSynthBenchmark: Display:          ... 0.295 s/GigaVert, Confidence=100% 'VertThroughPut1' (likely to be very inaccurate)
[2019.10.23-22.10.50:549][149]LogSynthBenchmark: Display:          ... 0.865 s/GigaVert, Confidence=89% 'VertThroughPut2' (likely to be very inaccurate)
[2019.10.23-22.10.50:550][149]LogSynthBenchmark: Display:   GPU Final Results:
[2019.10.23-22.10.50:550][149]LogSynthBenchmark: Display:          ... 0.933 s/GigaPix, Confidence=89% 'ALUHeavyNoise'
[2019.10.23-22.10.50:550][149]LogSynthBenchmark: Display:          ... 0.690 s/GigaPix, Confidence=89% 'TexHeavy'
[2019.10.23-22.10.50:550][149]LogSynthBenchmark: Display:          ... 0.677 s/GigaPix, Confidence=100% 'DepTexHeavy'
[2019.10.23-22.10.50:550][149]LogSynthBenchmark: Display:          ... 3.847 s/GigaPix, Confidence=89% 'FillOnly'
[2019.10.23-22.10.50:550][149]LogSynthBenchmark: Display:          ... 0.105 s/GigaPix, Confidence=100% 'Bandwidth'
[2019.10.23-22.10.50:550][149]LogSynthBenchmark: Display:          ... 0.295 s/GigaVert, Confidence=100% 'VertThroughPut1'
[2019.10.23-22.10.50:550][149]LogSynthBenchmark: Display:          ... 0.865 s/GigaVert, Confidence=89% 'VertThroughPut2'
[2019.10.23-22.10.50:550][149]LogSynthBenchmark: Display: 
[2019.10.23-22.10.50:550][149]LogSynthBenchmark: Display:   GPU Perf Index 0: 20.3 (weight 1.00)
[2019.10.23-22.10.50:550][149]LogSynthBenchmark: Display:   GPU Perf Index 1: 9.3 (weight 0.10)
[2019.10.23-22.10.50:550][149]LogSynthBenchmark: Display:   GPU Perf Index 2: 17.6 (weight 0.10)
[2019.10.23-22.10.50:550][149]LogSynthBenchmark: Display:   GPU Perf Index 3: 15.1 (weight 3.00)
[2019.10.23-22.10.50:550][149]LogSynthBenchmark: Display:   GPU Perf Index 4: 9.8 (weight 1.00)
[2019.10.23-22.10.50:550][149]LogSynthBenchmark: Display:   GPU Perf Index 5: 19.2 (weight 0.00)
[2019.10.23-22.10.50:550][149]LogSynthBenchmark: Display:   GPU Perf Index 6: 49.0 (weight 0.00)
[2019.10.23-22.10.50:550][149]LogSynthBenchmark: Display:   CPUIndex: 85.7
[2019.10.23-22.10.50:550][149]LogSynthBenchmark: Display:   GPUIndex: 15.0
[2019.10.23-22.10.50:550][149]LogSynthBenchmark: Display: 
[2019.10.23-22.10.50:550][149]LogSynthBenchmark: Display:          ... Total Time: 0.576160 sec
[2019.10.23-22.11.06:763][453]LogEditorViewport: Clicking on Actor (LMB): StreetMapActor (SerraDe)
[2019.10.23-22.11.06:915][453]LogEditorViewport: Clicking on Component (LMB): StreetMapComponent (StreetMapComp)
[2019.10.23-22.11.35:002][956]LogEditorViewport: Clicking on Actor (LMB): BP_Sky_Sphere_C (SkyShereBlueprint)
[2019.10.23-22.11.35:174][956]LogEditorViewport: Clicking on Actor (LMB): BP_Sky_Sphere_C (SkyShereBlueprint)
[2019.10.23-22.11.36:549][981]LogSlate: FSceneViewport::OnFocusLost() reason 0
[2019.10.23-22.12.05:057][545]LogEditorViewport: Clicking on Actor (context menu): StreetMapActor (SerraDe)
[2019.10.23-22.12.05:260][545]LogSlate: FSceneViewport::OnFocusLost() reason 2
[2019.10.23-22.12.10:172][717]LogTemp: Repeating last play command: Selected Viewport
[2019.10.23-22.12.10:206][717]LogPlayLevel: PlayLevel: No blueprints needed recompiling
[2019.10.23-22.12.10:208][717]PIE: New page: Sessão de PIE : VehicleAdvExampleMap (23/10/2019 17:12:10)
[2019.10.23-22.12.10:208][717]LogPlayLevel: Creating play world package: /Game/VehicleAdvBP/Maps/UEDPIE_0_VehicleAdvExampleMap
[2019.10.23-22.12.10:344][717]LogPlayLevel: PIE: StaticDuplicateObject took: (0.135772s)
[2019.10.23-22.12.10:345][717]LogAIModule: Creating AISystem for world VehicleAdvExampleMap
[2019.10.23-22.12.10:345][717]LogPlayLevel: PIE: World Init took: (0.000970s)
[2019.10.23-22.12.10:346][717]LogPlayLevel: PIE: Created PIE world by copying editor world from /Game/VehicleAdvBP/Maps/VehicleAdvExampleMap.VehicleAdvExampleMap to /Game/VehicleAdvBP/Maps/UEDPIE_0_VehicleAdvExampleMap.VehicleAdvExampleMap (0.137012s)
[2019.10.23-22.12.10:364][717]LogInit: XAudio2 using 'Fones de ouvido / Alto falantes (2- Realtek Audio)' : 2 channels at 48 kHz using 32 bits per sample (channel mask 0x3)
[2019.10.23-22.12.10:393][717]LogInit: FAudioDevice initialized.
[2019.10.23-22.12.10:466][717]LogLoad: Game class is 'VehicleAdvGameMode_C'
[2019.10.23-22.12.10:482][717]LogWorld: Bringing World /Game/VehicleAdvBP/Maps/UEDPIE_0_VehicleAdvExampleMap.VehicleAdvExampleMap up for play (max tick rate 60) at 2019.10.23-19.12.10
[2019.10.23-22.12.10:483][717]LogWorld: Bringing up level for play took: 0.005442
[2019.10.23-22.12.10:494][717]LogContentBrowser: Native class hierarchy updated for 'MovieSceneCapture' in 0.0007 seconds. Added 11 classes and 0 folders.
[2019.10.23-22.12.10:496][717]PIE: Momento de início de reprodução no editor para /Game/VehicleAdvBP/Maps/UEDPIE_0_VehicleAdvExampleMap 1,196
[2019.10.23-22.13.34:734][378]LogSlate: FSceneViewport::OnFocusLost() reason 0
[2019.10.23-22.13.35:025][382]LogSlate: Took 0.016233 seconds to synchronously load lazily loaded font '../../../Engine/Content/Slate/Fonts/Roboto-Light.ttf' (167K)
[2019.10.23-22.13.43:668][500]LogSlate: Window 'SerraDe - Editor de Ativos Genéricos' being destroyed
[2019.10.23-22.13.45:249][527]LogSlate: FSceneViewport::OnFocusLost() reason 0
[2019.10.23-22.15.24:570][389]LogSlate: FSceneViewport::OnFocusLost() reason 2
[2019.10.23-22.27.03:314][941]LogEditorViewport: Clicking on Actor (LMB): StreetMapActor (SerraDe)
[2019.10.23-22.27.09:046][ 46]LogSlate: FSceneViewport::OnFocusLost() reason 2
[2019.10.23-22.27.11:887][ 99]LogSlate: FSceneViewport::OnFocusLost() reason 2
[2019.10.23-22.27.44:529][ 25]LogEditorViewport: Clicking on Actor (LMB): StreetMapActor (SerraDe)
[2019.10.23-22.27.48:551][138]LogSlate: FSceneViewport::OnFocusLost() reason 0
[2019.10.23-22.27.58:588][442]LogEditorViewport: Clicking on Actor (context menu): StreetMapActor (SerraDe)
[2019.10.23-22.27.58:676][442]LogSlate: FSceneViewport::OnFocusLost() reason 2
[2019.10.23-22.28.01:720][534]LogEditorViewport: Clicking on Actor (context menu): StreetMapActor (SerraDe)
[2019.10.23-22.28.01:808][534]LogSlate: FSceneViewport::OnFocusLost() reason 2
[2019.10.23-22.28.12:144][823]Cmd: PIVOT HERE
[2019.10.23-22.28.45:425][809]LogSlate: FSceneViewport::OnFocusLost() reason 2
[2019.10.23-22.29.13:931][353]Cmd: TRANSACTION UNDO
[2019.10.23-22.29.13:931][353]LogEditorTransaction: Undo Aderir Atores Ao Chão
[2019.10.23-22.29.14:936][370]Cmd: TRANSACTION UNDO
[2019.10.23-22.29.14:936][370]LogEditorTransaction: Undo Move Actors
[2019.10.23-22.29.15:400][378]LogEditorViewport: Clicking on Actor (LMB): StreetMapActor (SerraDe)
[2019.10.23-22.29.24:340][529]LogEditorViewport: Clicking on Actor (LMB): StreetMapActor (SerraDe)
[2019.10.23-22.29.25:976][558]LogSlate: FSceneViewport::OnFocusLost() reason 0
[2019.10.23-22.29.38:579][802]LogEditorViewport: Clicking on Actor (context menu): StreetMapActor (SerraDe)
[2019.10.23-22.29.38:726][802]LogSlate: FSceneViewport::OnFocusLost() reason 2
[2019.10.23-22.29.43:154][876]Cmd: PIVOT HERE
[2019.10.23-22.30.22:159][613]LogSlate: FSceneViewport::OnFocusLost() reason 0
[2019.10.23-22.30.22:741][615]LogSavePackage: Save=327.75ms
[2019.10.23-22.30.22:741][615]LogSavePackage: Moving '../../../../../../Users/xodoa/Documents/Unreal Projects/TacaLePau/Saved/VehicleAdvExampleMap303F8C1743588B3E0791CEBCD307BE00.tmp' to '../../../../../../Users/xodoa/Documents/Unreal Projects/TacaLePau/Content/VehicleAdvBP/Maps/VehicleAdvExampleMap.umap'
[2019.10.23-22.30.22:754][615]LogSavePackage: Display: Finished SavePackage ../../../../../../Users/xodoa/Documents/Unreal Projects/TacaLePau/Content/VehicleAdvBP/Maps/VehicleAdvExampleMap.umap
[2019.10.23-22.30.24:518][615]LogSavePackage: Save=1547.32ms
[2019.10.23-22.30.24:518][615]LogSavePackage: Moving '../../../../../../Users/xodoa/Documents/Unreal Projects/TacaLePau/Saved/VehicleAdvExampleMap_BuiltData6FEBF4954F850FF2B6E648B186B2A56C.tmp' to '../../../../../../Users/xodoa/Documents/Unreal Projects/TacaLePau/Content/VehicleAdvBP/Maps/VehicleAdvExampleMap_BuiltData.uasset'
[2019.10.23-22.30.24:521][615]LogSavePackage: Display: Finished SavePackage ../../../../../../Users/xodoa/Documents/Unreal Projects/TacaLePau/Content/VehicleAdvBP/Maps/VehicleAdvExampleMap_BuiltData.uasset
[2019.10.23-22.30.26:666][657]LogSlate: FSceneViewport::OnFocusLost() reason 0
[2019.10.23-22.39.49:320][561]LogSlate: FSceneViewport::OnFocusLost() reason 0
